C51 COMPILER V9.54   MAIN                                                                  11/30/2025 18:23:01 PAGE 1   


C51 COMPILER V9.54, COMPILATION OF MODULE MAIN
OBJECT MODULE PLACED IN .\Objects\main.obj
COMPILER INVOKED BY: E:\Keil_v5\C51\BIN\C51.EXE main.c OPTIMIZE(8,SPEED) BROWSE DEBUG OBJECTEXTEND PRINT(.\Listings\main
                    -.lst) OBJECT(.\Objects\main.obj)

line level    source

   1          #include <STC89C5xRC.H>
   2          #include "Timer0.h"
   3          #include "Key.h"
   4          #include "Nixie.h"
   5          #include "AT24C02.h"
   6          #include "Delay.h"
   7          
   8          unsigned char KeyNum;
   9          unsigned char min, sec, miniSec;
  10          unsigned char runFlag;
  11          
  12          void main()
  13          {
  14   1          Timer0_Init();
  15   1          while(1)
  16   1          {
  17   2              KeyNum = Key();
  18   2                      if(KeyNum == 1)
  19   2                      {
  20   3                              runFlag = !runFlag;
  21   3                      }
  22   2                      if(KeyNum == 2)
  23   2                      {
  24   3                              min = 0;
  25   3                              sec = 0;
  26   3                              miniSec = 0;
  27   3                      }
  28   2                      if(KeyNum == 3)
  29   2                      {
  30   3                              AT24C02_WriteByte(0, min);
  31   3                              Delayms(5);
  32   3                              AT24C02_WriteByte(1, sec);
  33   3                              Delayms(5);
  34   3                              AT24C02_WriteByte(2, miniSec);
  35   3                      }
  36   2                      if(KeyNum == 4)
  37   2                      {
  38   3                              min = AT24C02_ReadByte(0);
  39   3                              sec = AT24C02_ReadByte(1);
  40   3                              miniSec = AT24C02_ReadByte(2);
  41   3                      }
  42   2                      Nixie_SetBuf(1, min/10);
  43   2                      Nixie_SetBuf(2, min%10);
  44   2                      Nixie_SetBuf(3, 11);
  45   2                      Nixie_SetBuf(4, sec/10);
  46   2                      Nixie_SetBuf(5, sec%10);
  47   2                      Nixie_SetBuf(6, 11);
  48   2                      Nixie_SetBuf(7, miniSec/10);
  49   2                      Nixie_SetBuf(8, miniSec%10);
  50   2          }
  51   1      }
  52          
  53          void Sec_Loop(void)
  54          {
C51 COMPILER V9.54   MAIN                                                                  11/30/2025 18:23:01 PAGE 2   

  55   1              if(runFlag)
  56   1              {
  57   2                      miniSec++;
  58   2                      if(miniSec >= 100)
  59   2                      {
  60   3                              miniSec = 0;
  61   3                              sec++;
  62   3                              if(sec >= 60)
  63   3                              {
  64   4                                      sec = 0;
  65   4                                      min++;
  66   4                                      if(min >= 60)
  67   4                                      {
  68   5                                              min = 0;
  69   5                                      }
  70   4                              }
  71   3                      }
  72   2              }
  73   1              
  74   1      }
  75          
  76          void Timer0_Routine()   interrupt 1
  77          {
  78   1              static unsigned int T0count1, T0count2, T0count3;
  79   1              TH0 = 64535 / 256;
  80   1              TL0 = 64535 % 256;
  81   1              T0count1++;
  82   1              if(T0count1 >= 20)
  83   1              {
  84   2                      T0count1 = 0;
  85   2                      Key_Loop();
  86   2              }
  87   1              T0count2++;
  88   1              if(T0count2 >= 2)
  89   1              {
  90   2                      T0count2 = 0;
  91   2                      Nixie_Loop();
  92   2              }
  93   1              T0count3++;
  94   1              if(T0count3 >= 10)
  95   1              {
  96   2                      T0count3 = 0;
  97   2                      Sec_Loop();
  98   2              }
  99   1      }


MODULE INFORMATION:   STATIC OVERLAYABLE
   CODE SIZE        =    384    ----
   CONSTANT SIZE    =   ----    ----
   XDATA SIZE       =   ----    ----
   PDATA SIZE       =   ----    ----
   DATA SIZE        =     11    ----
   IDATA SIZE       =   ----    ----
   BIT SIZE         =   ----    ----
END OF MODULE INFORMATION.


C51 COMPILATION COMPLETE.  0 WARNING(S),  0 ERROR(S)
