C51 COMPILER V9.54   NIXIE                                                                 11/30/2025 17:48:10 PAGE 1   


C51 COMPILER V9.54, COMPILATION OF MODULE NIXIE
OBJECT MODULE PLACED IN .\Objects\Nixie.obj
COMPILER INVOKED BY: E:\Keil_v5\C51\BIN\C51.EXE Nixie.c OPTIMIZE(8,SPEED) BROWSE DEBUG OBJECTEXTEND PRINT(.\Listings\Nix
                    -ie.lst) OBJECT(.\Objects\Nixie.obj)

line level    source

   1          #include <STC89C5xRC.H>
   2          #include "Delay.h"
   3          
   4          unsigned char Nixie_Buf[9] = {0, 10, 10, 10, 10, 10, 10, 10, 10};
   5          
   6          unsigned char NixieTable[] = {0x3f, 0x06, 0x5b, 0x4f, 0x66, 0x6d, 0x7d, 0x07, 0x7f, 0x6f, 0x00, 0x40};
   7          
   8          void Nixie_SetBuf(unsigned char Location, unsigned char Number)
   9          {
  10   1              Nixie_Buf[Location] = Number;
  11   1      }
  12          
  13          void Nixie_Scan(unsigned char Location, unsigned char Number)
  14          {
  15   1              P0 = 0x00;
  16   1              switch(Location)
  17   1              {
  18   2                      case 1: P24 = 1; P23 = 1; P22 = 1; break;
  19   2                      case 2: P24 = 1; P23 = 1; P22 = 0; break;
  20   2                      case 3: P24 = 1; P23 = 0; P22 = 1; break;
  21   2                      case 4: P24 = 1; P23 = 0; P22 = 0; break;
  22   2                      case 5: P24 = 0; P23 = 1; P22 = 1; break;
  23   2                      case 6: P24 = 0; P23 = 1; P22 = 0; break;
  24   2                      case 7: P24 = 0; P23 = 0; P22 = 1; break;
  25   2                      case 8: P24 = 0; P23 = 0; P22 = 0; break;
  26   2              }
  27   1              P0 = NixieTable[Number];
  28   1      }
  29          
  30          void Nixie_Loop(void)
  31          {
  32   1              static signed char i = 1;
  33   1              Nixie_Scan(i, Nixie_Buf[i]);
  34   1              i++;
  35   1              if(i > 8) i = 1;
  36   1      }


MODULE INFORMATION:   STATIC OVERLAYABLE
   CODE SIZE        =    136    ----
   CONSTANT SIZE    =   ----    ----
   XDATA SIZE       =   ----    ----
   PDATA SIZE       =   ----    ----
   DATA SIZE        =     22    ----
   IDATA SIZE       =   ----    ----
   BIT SIZE         =   ----    ----
END OF MODULE INFORMATION.


C51 COMPILATION COMPLETE.  0 WARNING(S),  0 ERROR(S)
