C51 COMPILER V9.54   MAIN                                                                  12/08/2025 19:09:09 PAGE 1   


C51 COMPILER V9.54, COMPILATION OF MODULE MAIN
OBJECT MODULE PLACED IN .\Objects\main.obj
COMPILER INVOKED BY: E:\Keil_v5\C51\BIN\C51.EXE main.c OPTIMIZE(8,SPEED) BROWSE DEBUG OBJECTEXTEND PRINT(.\Listings\main
                    -.lst) OBJECT(.\Objects\main.obj)

line level    source

   1          #include <STC89C5xRC.H>
   2          #include <stdio.h>
   3          #include "LCD1602.h"
   4          #include "Delay.h"
   5          #include "DS18B20.h"
   6          
   7          float T;
   8          char text[10];
   9          
  10          void main()
  11          {
  12   1              DS18B20_ConvertT();
  13   1              Delayms(1000);
  14   1          LCD_Init();
  15   1              LCD_ShowString(1, 1, "Temperature:");
  16   1          while(1)
  17   1          {
  18   2              DS18B20_ConvertT();
  19   2                      T = DS18B20_ReadT();
  20   2                      sprintf(text, "%.4f", T);
  21   2                      LCD_ShowString(2, 1, text);
  22   2          }
  23   1      }


MODULE INFORMATION:   STATIC OVERLAYABLE
   CODE SIZE        =     81    ----
   CONSTANT SIZE    =     18    ----
   XDATA SIZE       =   ----    ----
   PDATA SIZE       =   ----    ----
   DATA SIZE        =     14    ----
   IDATA SIZE       =   ----    ----
   BIT SIZE         =   ----    ----
END OF MODULE INFORMATION.


C51 COMPILATION COMPLETE.  0 WARNING(S),  0 ERROR(S)
