C51 COMPILER V9.54   ONEWIREDELAY                                                          12/08/2025 18:18:51 PAGE 1   


C51 COMPILER V9.54, COMPILATION OF MODULE ONEWIREDELAY
OBJECT MODULE PLACED IN .\Objects\OneWireDelay.obj
COMPILER INVOKED BY: E:\Keil_v5\C51\BIN\C51.EXE OneWireDelay.c OPTIMIZE(8,SPEED) BROWSE DEBUG OBJECTEXTEND PRINT(.\Listi
                    -ngs\OneWireDelay.lst) OBJECT(.\Objects\OneWireDelay.obj)

line level    source

   1          
   2          void Delay500us(void)   //@11.0592MHz
   3          {
   4   1              unsigned char data i;
   5   1      
   6   1              i = 227;
   7   1              while (--i);
   8   1      }
   9          
  10          void Delay70us(void)    //@11.0592MHz
  11          {
  12   1              unsigned char data i;
  13   1      
  14   1              i = 29;
  15   1              while (--i);
  16   1      }
  17          
  18          void Delay10us(void)    //@11.0592MHz
  19          {
  20   1              unsigned char data i;
  21   1      
  22   1              i = 2;
  23   1              while (--i);
  24   1      }
  25          
  26          void Delay50us(void)    //@11.0592MHz
  27          {
  28   1              unsigned char data i;
  29   1      
  30   1              i = 20;
  31   1              while (--i);
  32   1      }
  33          


MODULE INFORMATION:   STATIC OVERLAYABLE
   CODE SIZE        =     20    ----
   CONSTANT SIZE    =   ----    ----
   XDATA SIZE       =   ----    ----
   PDATA SIZE       =   ----    ----
   DATA SIZE        =   ----    ----
   IDATA SIZE       =   ----    ----
   BIT SIZE         =   ----    ----
END OF MODULE INFORMATION.


C51 COMPILATION COMPLETE.  0 WARNING(S),  0 ERROR(S)
