C51 COMPILER V9.54   ONEWIRE                                                               12/08/2025 18:24:41 PAGE 1   


C51 COMPILER V9.54, COMPILATION OF MODULE ONEWIRE
OBJECT MODULE PLACED IN .\Objects\OneWire.obj
COMPILER INVOKED BY: E:\Keil_v5\C51\BIN\C51.EXE OneWire.c OPTIMIZE(8,SPEED) BROWSE DEBUG OBJECTEXTEND PRINT(.\Listings\O
                    -neWire.lst) OBJECT(.\Objects\OneWire.obj)

line level    source

   1          #include <STC89C5xRC.H>
   2          #include "OneWireDelay.h"
   3          
   4          sbit OneWire_DQ = P3^7;
   5          
   6          unsigned char OneWire_Init(void)
   7          {
   8   1              unsigned char AckBit;
   9   1              OneWire_DQ = 1;
  10   1              OneWire_DQ = 0;
  11   1              Delay500us();
  12   1              OneWire_DQ = 1;
  13   1              Delay70us();
  14   1              AckBit = OneWire_DQ;
  15   1              Delay500us();
  16   1              return AckBit;
  17   1      }
  18          
  19          void OneWire_SendBit(unsigned char Bit)
  20          {
  21   1              OneWire_DQ = 0;
  22   1              Delay10us();
  23   1              OneWire_DQ = Bit;
  24   1              Delay50us();
  25   1              OneWire_DQ = 1;
  26   1      }
  27          
  28          unsigned char OneWire_ReceiveBit(void)
  29          {
  30   1              unsigned char i;
  31   1              unsigned char Bit;
  32   1              OneWire_DQ = 0;
  33   1              i = 2; while(--i);              // Delay5us
  34   1              OneWire_DQ = 1;
  35   1              i = 2; while(--i);              // Delay5us
  36   1              Bit = OneWire_DQ;
  37   1              Delay50us();
  38   1              return Bit;
  39   1      }
  40          
  41          void OneWire_SendByte(unsigned char Byte)
  42          {
  43   1              unsigned char i;
  44   1              for(i = 0; i < 8; i++)
  45   1              {
  46   2                      OneWire_SendBit(Byte & (0x01 << i));
  47   2              }
  48   1      }
  49          
  50          unsigned char OneWire_ReceiveByte(void)
  51          {
  52   1              unsigned char i;
  53   1              unsigned char Byte = 0x00;
  54   1              for(i = 0; i < 8; i++)
C51 COMPILER V9.54   ONEWIRE                                                               12/08/2025 18:24:41 PAGE 2   

  55   1              {
  56   2                      if(OneWire_ReceiveBit())
  57   2                      {
  58   3                              Byte |= (0x01 << i);
  59   3                      }
  60   2              }
  61   1              return Byte;
  62   1      }


MODULE INFORMATION:   STATIC OVERLAYABLE
   CODE SIZE        =    139    ----
   CONSTANT SIZE    =   ----    ----
   XDATA SIZE       =   ----    ----
   PDATA SIZE       =   ----    ----
   DATA SIZE        =   ----       7
   IDATA SIZE       =   ----    ----
   BIT SIZE         =   ----    ----
END OF MODULE INFORMATION.


C51 COMPILATION COMPLETE.  0 WARNING(S),  0 ERROR(S)
