C51 COMPILER V9.54   KEY                                                                   12/08/2025 19:46:14 PAGE 1   


C51 COMPILER V9.54, COMPILATION OF MODULE KEY
OBJECT MODULE PLACED IN .\Objects\key.obj
COMPILER INVOKED BY: E:\Keil_v5\C51\BIN\C51.EXE key.c OPTIMIZE(8,SPEED) BROWSE DEBUG OBJECTEXTEND PRINT(.\Listings\key.l
                    -st) OBJECT(.\Objects\key.obj)

line level    source

   1          #include <STC89C5xRC.H>
   2          #include "Delay.h"
   3          
   4          unsigned char Loop_KeyNumber;
   5          
   6          unsigned char Key(void)
   7          {
   8   1              unsigned char temp = 0;
   9   1              temp = Loop_KeyNumber;
  10   1              Loop_KeyNumber = 0;
  11   1              return temp;
  12   1      }
  13          
  14          unsigned char Key_GetState()
  15          {
  16   1              unsigned char KeyNumber = 0;
  17   1              
  18   1              if(P31 == 0) KeyNumber = 1;
  19   1              if(P30 == 0) KeyNumber = 2;
  20   1              if(P32 == 0) KeyNumber = 3;
  21   1              if(P33 == 0) KeyNumber = 4;
  22   1              
  23   1              return KeyNumber;
  24   1      }
  25          
  26          void Key_Loop(void)
  27          {
  28   1              static unsigned char nowState, lastState;
  29   1              lastState = nowState;
  30   1              nowState = Key_GetState();
  31   1              if(lastState == 0 && nowState == 1)
  32   1              {
  33   2                      Loop_KeyNumber = 1;
  34   2              }
  35   1              if(lastState == 0 && nowState == 2)
  36   1              {
  37   2                      Loop_KeyNumber = 2;
  38   2              }
  39   1              if(lastState == 0 && nowState == 3)
  40   1              {
  41   2                      Loop_KeyNumber = 3;
  42   2              }
  43   1              if(lastState == 0 && nowState == 4)
  44   1              {
  45   2                      Loop_KeyNumber = 4;
  46   2              }
  47   1      }


MODULE INFORMATION:   STATIC OVERLAYABLE
   CODE SIZE        =     85    ----
   CONSTANT SIZE    =   ----    ----
   XDATA SIZE       =   ----    ----
   PDATA SIZE       =   ----    ----
C51 COMPILER V9.54   KEY                                                                   12/08/2025 19:46:14 PAGE 2   

   DATA SIZE        =      3    ----
   IDATA SIZE       =   ----    ----
   BIT SIZE         =   ----    ----
END OF MODULE INFORMATION.


C51 COMPILATION COMPLETE.  0 WARNING(S),  0 ERROR(S)
