C51 COMPILER V9.54   MAIN                                                                  12/08/2025 19:46:28 PAGE 1   


C51 COMPILER V9.54, COMPILATION OF MODULE MAIN
OBJECT MODULE PLACED IN .\Objects\main.obj
COMPILER INVOKED BY: E:\Keil_v5\C51\BIN\C51.EXE main.c OPTIMIZE(8,SPEED) BROWSE DEBUG OBJECTEXTEND PRINT(.\Listings\main
                    -.lst) OBJECT(.\Objects\main.obj)

line level    source

   1          #include <STC89C5xRC.H>
   2          #include <stdio.h>
   3          #include "DS18B20.h"
   4          #include "LCD1602.h"
   5          #include "Delay.h"
   6          #include "AT24C02.h"
   7          #include "Timer0.h"
   8          #include "key.h"
   9          
  10          float T;
  11          char text[10];
  12          char Tlow, Thigh;
  13          unsigned char KeyNum;
  14          
  15          void main()
  16          {
  17   1              DS18B20_ConvertT();
  18   1              Delayms(1000);
  19   1              Thigh = AT24C02_ReadByte(0);
  20   1              Tlow = AT24C02_ReadByte(1);
  21   1              if(Thigh > 125 || Tlow < -55 || Thigh <= Tlow)
  22   1              {
  23   2                      Thigh = 30;
  24   2                      Tlow = 10;
  25   2              }
  26   1              LCD_Init();
  27   1          LCD_ShowString(1, 1, "T:");
  28   1              LCD_ShowString(2, 1, "TH:");
  29   1              LCD_ShowString(2, 9, "TL:");
  30   1              LCD_ShowSignedNum(2, 4, Thigh, 3);
  31   1              LCD_ShowSignedNum(2, 12, Tlow, 3);
  32   1              Timer0_Init();
  33   1          while(1)
  34   1          {
  35   2                      KeyNum = Key();
  36   2                      /*温度读取及显示*/
  37   2              DS18B20_ConvertT();
  38   2                      T = DS18B20_ReadT();
  39   2                      sprintf(text, "%.2f", T);
  40   2                      LCD_ShowString(1, 3, text);
  41   2                      
  42   2                      /*阈值判断及显示*/
  43   2                      if(KeyNum)
  44   2                      {
  45   3                              if(KeyNum == 1) 
  46   3                              {
  47   4                                      Thigh++;
  48   4                                      if(Thigh > 125) Thigh = 125;
  49   4                              }
  50   3                              if(KeyNum == 2) 
  51   3                              {
  52   4                                      Thigh--;
  53   4                                      if(Thigh <= Tlow) Thigh++;
  54   4                              }
C51 COMPILER V9.54   MAIN                                                                  12/08/2025 19:46:28 PAGE 2   

  55   3                              if(KeyNum == 3) 
  56   3                              {
  57   4                                      Tlow++;
  58   4                                      if(Tlow >= Thigh) Tlow--;
  59   4                              }
  60   3                              if(KeyNum == 4) 
  61   3                              {
  62   4                                      Tlow--;
  63   4                                      if(Tlow < -55) Tlow = -55;
  64   4                              }
  65   3                              LCD_ShowSignedNum(2, 4, Thigh, 3);
  66   3                              LCD_ShowSignedNum(2, 12, Tlow, 3);
  67   3                              AT24C02_WriteByte(0, Thigh);
  68   3                              Delayms(5);
  69   3                              AT24C02_WriteByte(1, Tlow);
  70   3                              Delayms(5);
  71   3                      }
  72   2                      if(T > Thigh)
  73   2                      {
  74   3                              LCD_ShowString(1, 13, "OV:H");
  75   3                      }
  76   2                      else if(T < Tlow)
  77   2                      {
  78   3                              LCD_ShowString(1, 13, "OV:L");
  79   3                      }
  80   2                      else
  81   2                      {
  82   3                              LCD_ShowString(1, 13, "    ");
  83   3                      }
  84   2          }
  85   1      }
  86          
  87          void Timer0_Routine()   interrupt 1
  88          {
  89   1              static unsigned int T0count;
  90   1              TH0 = 64535 / 256;
  91   1              TL0 = 64535 % 256;
  92   1              T0count++;
  93   1              if(T0count >= 20)
  94   1              {
  95   2                      T0count = 0;
  96   2                      Key_Loop();
  97   2              }
  98   1      }


MODULE INFORMATION:   STATIC OVERLAYABLE
   CODE SIZE        =    525    ----
   CONSTANT SIZE    =     31    ----
   XDATA SIZE       =   ----    ----
   PDATA SIZE       =   ----    ----
   DATA SIZE        =     19    ----
   IDATA SIZE       =   ----    ----
   BIT SIZE         =   ----    ----
END OF MODULE INFORMATION.


C51 COMPILATION COMPLETE.  0 WARNING(S),  0 ERROR(S)
