C51 COMPILER V9.54   MAIN                                                                  11/29/2025 10:23:26 PAGE 1   


C51 COMPILER V9.54, COMPILATION OF MODULE MAIN
OBJECT MODULE PLACED IN .\Objects\main.obj
COMPILER INVOKED BY: E:\Keil_v5\C51\BIN\C51.EXE main.c OPTIMIZE(8,SPEED) BROWSE DEBUG OBJECTEXTEND PRINT(.\Listings\main
                    -.lst) OBJECT(.\Objects\main.obj)

line level    source

   1          #include <STC89C5xRC.H>
   2          #include "key.h"
   3          #include "Nixie.h"
   4          #include "Buzzer.h"
   5          
   6          unsigned char KeyNum;
   7          
   8          void main()
   9          {
  10   1          NixieDisp(1, 0);
  11   1          while(1)
  12   1          {
  13   2              KeyNum = Key();
  14   2                      if(KeyNum)
  15   2                      {
  16   3                              BuzzerTime(100);
  17   3                              NixieDisp(1, KeyNum);
  18   3                      }
  19   2          }
  20   1      }


MODULE INFORMATION:   STATIC OVERLAYABLE
   CODE SIZE        =     32    ----
   CONSTANT SIZE    =   ----    ----
   XDATA SIZE       =   ----    ----
   PDATA SIZE       =   ----    ----
   DATA SIZE        =      1    ----
   IDATA SIZE       =   ----    ----
   BIT SIZE         =   ----    ----
END OF MODULE INFORMATION.


C51 COMPILATION COMPLETE.  0 WARNING(S),  0 ERROR(S)
