C51 COMPILER V9.54   MAIN                                                                  12/09/2025 20:16:30 PAGE 1   


C51 COMPILER V9.54, COMPILATION OF MODULE MAIN
OBJECT MODULE PLACED IN .\Objects\main.obj
COMPILER INVOKED BY: E:\Keil_v5\C51\BIN\C51.EXE main.c OPTIMIZE(8,SPEED) BROWSE DEBUG OBJECTEXTEND PRINT(.\Listings\main
                    -.lst) OBJECT(.\Objects\main.obj)

line level    source

   1          #include <STC89C5xRC.H>
   2          
   3          sbit LED = P2^0;
   4          
   5          void Delay(unsigned int t)
   6          {
   7   1              while(t--);
   8   1      }
   9          
  10          void main()
  11          {
  12   1              unsigned char time, i;
  13   1          while(1)
  14   1          {
  15   2                      for(time = 0; time < 100; time++)
  16   2                      {
  17   3                              for(i = 0; i < 20; i++)
  18   3                              {
  19   4                                      LED = 0;
  20   4                                      Delay(time);
  21   4                                      LED = 1;
  22   4                                      Delay(100 - time);
  23   4                              }
  24   3                      }
  25   2                      for(time = 100; time > 0; time--)
  26   2                      {
  27   3                              for(i = 0; i < 20; i++)
  28   3                              {
  29   4                                      LED = 0;
  30   4                                      Delay(time);
  31   4                                      LED = 1;
  32   4                                      Delay(100 - time);
  33   4                              }
  34   3                      }
  35   2          }
  36   1      }


MODULE INFORMATION:   STATIC OVERLAYABLE
   CODE SIZE        =     68    ----
   CONSTANT SIZE    =   ----    ----
   XDATA SIZE       =   ----    ----
   PDATA SIZE       =   ----    ----
   DATA SIZE        =   ----    ----
   IDATA SIZE       =   ----    ----
   BIT SIZE         =   ----    ----
END OF MODULE INFORMATION.


C51 COMPILATION COMPLETE.  0 WARNING(S),  0 ERROR(S)
