C51 COMPILER V9.54   DS1302                                                                11/27/2025 19:50:38 PAGE 1   


C51 COMPILER V9.54, COMPILATION OF MODULE DS1302
OBJECT MODULE PLACED IN .\Objects\DS1302.obj
COMPILER INVOKED BY: E:\Keil_v5\C51\BIN\C51.EXE DS1302.c OPTIMIZE(8,SPEED) BROWSE DEBUG OBJECTEXTEND PRINT(.\Listings\DS
                    -1302.lst) OBJECT(.\Objects\DS1302.obj)

line level    source

   1          #include <STC89C5xRC.H>
   2          
   3          sbit DS1302_SCLK = P3^6;
   4          sbit DS1302_IO = P3^4;
   5          sbit DS1302_CE = P3^5;
   6          
   7          #define DS1302_SECOND  0x80
   8          #define DS1302_MINUTE  0x82
   9          #define DS1302_HOUR    0x84
  10          #define DS1302_DATE    0x86
  11          #define DS1302_MONTH   0x88
  12          #define DS1302_DAY     0x8A
  13          #define DS1302_YEAR    0x8C
  14          #define DS1302_WP      0x8E
  15          
  16          unsigned char DS1302_Time[] = {25, 11, 27, 19, 59, 55, 4};
  17          
  18          void DS1302_WriteByte(unsigned char command, unsigned char Data)
  19          {
  20   1              unsigned char i;
  21   1              DS1302_CE = 1;
  22   1              for(i = 0; i < 8; i++)
  23   1              {
  24   2                      DS1302_IO = command & (0x01 << i);
  25   2                      DS1302_SCLK = 1;
  26   2                      DS1302_SCLK = 0;
  27   2              }
  28   1              for(i = 0; i < 8; i++)
  29   1              {
  30   2                      DS1302_IO = Data & (0x01 << i);
  31   2                      DS1302_SCLK = 1;
  32   2                      DS1302_SCLK = 0;
  33   2              }
  34   1              DS1302_CE = 0;
  35   1      }
  36          
  37          unsigned char DS1302_ReadByte(unsigned char command)
  38          {
  39   1              unsigned char Data = 0x00;
  40   1              unsigned char i;
  41   1              command |= 0x01;
  42   1              DS1302_CE = 1;
  43   1              for(i = 0; i < 8; i++)
  44   1              {
  45   2                      DS1302_IO = command & (0x01 << i);
  46   2                      DS1302_SCLK = 0;
  47   2                      DS1302_SCLK = 1;
  48   2              }
  49   1              for(i = 0; i < 8; i++)
  50   1              {
  51   2                      DS1302_SCLK = 1;
  52   2                      DS1302_SCLK = 0;
  53   2                      if(DS1302_IO) Data |= (0x01 << i);
  54   2              }
C51 COMPILER V9.54   DS1302                                                                11/27/2025 19:50:38 PAGE 2   

  55   1              DS1302_CE = 0;
  56   1              DS1302_IO = 0;
  57   1              return Data;
  58   1      }
  59          
  60          void DS1302_SetTime(void)
  61          {
  62   1              DS1302_WriteByte(DS1302_WP, 0x00);
  63   1              DS1302_WriteByte(DS1302_YEAR, DS1302_Time[0]/10*16+DS1302_Time[0]%10);
  64   1              DS1302_WriteByte(DS1302_MONTH, DS1302_Time[1]/10*16+DS1302_Time[1]%10);
  65   1              DS1302_WriteByte(DS1302_DATE, DS1302_Time[2]/10*16+DS1302_Time[2]%10);
  66   1              DS1302_WriteByte(DS1302_HOUR, DS1302_Time[3]/10*16+DS1302_Time[3]%10);
  67   1              DS1302_WriteByte(DS1302_MINUTE, DS1302_Time[4]/10*16+DS1302_Time[4]%10);
  68   1              DS1302_WriteByte(DS1302_SECOND, DS1302_Time[5]/10*16+DS1302_Time[5]%10);
  69   1              DS1302_WriteByte(DS1302_DAY, DS1302_Time[6]/10*16+DS1302_Time[6]%10);
  70   1              DS1302_WriteByte(DS1302_WP, 0x80);
  71   1      }
  72          
  73          void  DS1302_ReadTime(void)
  74          {
  75   1              unsigned char temp;
  76   1              temp = DS1302_ReadByte(DS1302_YEAR);
  77   1              DS1302_Time[0] = temp / 16 * 10 + temp % 16;
  78   1              temp = DS1302_ReadByte(DS1302_MONTH);
  79   1              DS1302_Time[1] = temp / 16 * 10 + temp % 16;
  80   1              temp = DS1302_ReadByte(DS1302_DATE);
  81   1              DS1302_Time[2] = temp / 16 * 10 + temp % 16;
  82   1              temp = DS1302_ReadByte(DS1302_HOUR);
  83   1              DS1302_Time[3] = temp / 16 * 10 + temp % 16;
  84   1              temp = DS1302_ReadByte(DS1302_MINUTE);
  85   1              DS1302_Time[4] = temp / 16 * 10 + temp % 16;
  86   1              temp = DS1302_ReadByte(DS1302_SECOND);
  87   1              DS1302_Time[5] = temp / 16 * 10 + temp % 16;
  88   1              temp = DS1302_ReadByte(DS1302_DAY);
  89   1              DS1302_Time[6] = temp / 16 * 10 + temp % 16;
  90   1      }
  91          
  92          void DS1302_Init(void)
  93          {
  94   1              DS1302_CE = 0;
  95   1              DS1302_IO = 0;
  96   1              DS1302_SCLK = 0;
  97   1      }


MODULE INFORMATION:   STATIC OVERLAYABLE
   CODE SIZE        =    493    ----
   CONSTANT SIZE    =   ----    ----
   XDATA SIZE       =   ----    ----
   PDATA SIZE       =   ----    ----
   DATA SIZE        =      7    ----
   IDATA SIZE       =   ----    ----
   BIT SIZE         =   ----    ----
END OF MODULE INFORMATION.


C51 COMPILATION COMPLETE.  0 WARNING(S),  0 ERROR(S)
