C51 COMPILER V9.54   MAIN                                                                  11/24/2025 20:51:47 PAGE 1   


C51 COMPILER V9.54, COMPILATION OF MODULE MAIN
OBJECT MODULE PLACED IN .\Objects\main.obj
COMPILER INVOKED BY: E:\Keil_v5\C51\BIN\C51.EXE main.c OPTIMIZE(8,SPEED) BROWSE DEBUG OBJECTEXTEND PRINT(.\Listings\main
                    -.lst) OBJECT(.\Objects\main.obj)

line level    source

   1          #include <STC89C5xRC.H>
   2          #include "Delay.h"
   3          #include "LCD1602.h"
   4          #include "MatrixKey.h"
   5          
   6          unsigned char KeyNum;
   7          unsigned int password, count;
   8          
   9          void main()
  10          {
  11   1              LCD_Init();
  12   1              LCD_ShowString(1, 1, "PassWord:");
  13   1              while(1)
  14   1              {
  15   2                      KeyNum = KeyDown();
  16   2                      if(KeyNum) {
  17   3                              if(KeyNum <= 10 && count < 4)   // S1~S10: 输入密码
  18   3                              {
  19   4                                      password *= 10;         // 密码左移一位
  20   4                                      password += KeyNum % 10;
  21   4                                      count++;
  22   4                                      LCD_ShowNum(2, 1, password, 4);
  23   4                              }
  24   3                              if(KeyNum == 11)        // S11: 确认密码是否正确
  25   3                              {
  26   4                                      if(password == 2345)
  27   4                                      {
  28   5                                              LCD_ShowString(1, 14, "OK ");
  29   5                                      }
  30   4                                      else
  31   4                                      {
  32   5                                              LCD_ShowString(1, 14, "ERR");
  33   5                                      }
  34   4                                      password = 0;
  35   4                                      count = 0;
  36   4                                      LCD_ShowNum(2, 1, password, 4);
  37   4                              }
  38   3                              if(KeyNum == 12)        // S12：取消
  39   3                              {
  40   4                                      password /= 10;
  41   4                                      if(count != 0) count--;
  42   4                                      LCD_ShowNum(2, 1, password, 4);
  43   4                              }
  44   3                      }
  45   2              }
  46   1      } 


MODULE INFORMATION:   STATIC OVERLAYABLE
   CODE SIZE        =    209    ----
   CONSTANT SIZE    =     18    ----
   XDATA SIZE       =   ----    ----
   PDATA SIZE       =   ----    ----
   DATA SIZE        =      5    ----
C51 COMPILER V9.54   MAIN                                                                  11/24/2025 20:51:47 PAGE 2   

   IDATA SIZE       =   ----    ----
   BIT SIZE         =   ----    ----
END OF MODULE INFORMATION.


C51 COMPILATION COMPLETE.  0 WARNING(S),  0 ERROR(S)
