C51 COMPILER V9.54   MAIN                                                                  12/12/2025 10:15:33 PAGE 1   


C51 COMPILER V9.54, COMPILATION OF MODULE MAIN
OBJECT MODULE PLACED IN .\Objects\main.obj
COMPILER INVOKED BY: E:\Keil_v5\C51\BIN\C51.EXE main.c OPTIMIZE(8,SPEED) BROWSE DEBUG OBJECTEXTEND PRINT(.\Listings\main
                    -.lst) OBJECT(.\Objects\main.obj)

line level    source

   1          #include <STC89C5xRC.H>
   2          #include "Delay.h"
   3          #include "Key.h"
   4          #include "Nixie.h"
   5          #include "Motor.h"
   6          #include "IR.h"
   7          
   8          unsigned char speed, command;
   9          
  10          void main()
  11          {
  12   1          Motor_Init();
  13   1              IR_Init();
  14   1          while(1)
  15   1          {
  16   2                      if(IR_GetDataFlag())
  17   2                      {
  18   3                              command = IR_GetCommand();
  19   3                              
  20   3                              switch(command)
  21   3                              {
  22   4                                      case IR_0:
  23   4                                              speed = 0;
  24   4                                              break;
  25   4                                      case IR_1:
  26   4                                              speed = 1;
  27   4                                              break;
  28   4                                      case IR_2:
  29   4                                              speed = 2;
  30   4                                              break;
  31   4                                      case IR_3:
  32   4                                              speed = 3;
  33   4                                              break;
  34   4                              }
  35   3                              switch(speed)
  36   3                              {
  37   4                                      case 0:
  38   4                                              Motor_SetSpeed(0);
  39   4                                              break;
  40   4                                      case 1:
  41   4                                              Motor_SetSpeed(50);
  42   4                                              break;
  43   4                                      case 2:
  44   4                                              Motor_SetSpeed(75);
  45   4                                              break;
  46   4                                      case 3:
  47   4                                              Motor_SetSpeed(100);
  48   4                                              break;
  49   4                              }
  50   3                      }
  51   2                      NixieDisp(1, speed);
  52   2          }
  53   1      }
  54          
C51 COMPILER V9.54   MAIN                                                                  12/12/2025 10:15:33 PAGE 2   



MODULE INFORMATION:   STATIC OVERLAYABLE
   CODE SIZE        =     94    ----
   CONSTANT SIZE    =   ----    ----
   XDATA SIZE       =   ----    ----
   PDATA SIZE       =   ----    ----
   DATA SIZE        =      2    ----
   IDATA SIZE       =   ----    ----
   BIT SIZE         =   ----    ----
END OF MODULE INFORMATION.


C51 COMPILATION COMPLETE.  0 WARNING(S),  0 ERROR(S)
