C51 COMPILER V9.54   MOTOR                                                                 12/11/2025 22:00:07 PAGE 1   


C51 COMPILER V9.54, COMPILATION OF MODULE MOTOR
OBJECT MODULE PLACED IN .\Objects\Motor.obj
COMPILER INVOKED BY: E:\Keil_v5\C51\BIN\C51.EXE Motor.c OPTIMIZE(8,SPEED) BROWSE DEBUG OBJECTEXTEND PRINT(.\Listings\Mot
                    -or.lst) OBJECT(.\Objects\Motor.obj)

line level    source

   1          #include <STC89C5xRC.H>
   2          #include "Timer1.h"
   3          
   4          sbit Motor = P1^0;
   5          
   6          unsigned char counter, compare;
   7          
   8          void Motor_Init(void)
   9          {
  10   1              Timer1_Init();
  11   1      }
  12          
  13          void Motor_SetSpeed(unsigned char speed)
  14          {
  15   1              compare = speed;
  16   1      }
  17          
  18          void Timer1_Routine()   interrupt 3
  19          {
  20   1              TL1 = 0xA4;                             //设置定时初始值
  21   1              TH1 = 0xFF;                             //设置定时初始值
  22   1              counter++;
  23   1              counter %= 100;
  24   1              if(counter < compare) Motor = 1;
  25   1              else Motor = 0;
  26   1      }


MODULE INFORMATION:   STATIC OVERLAYABLE
   CODE SIZE        =     49    ----
   CONSTANT SIZE    =   ----    ----
   XDATA SIZE       =   ----    ----
   PDATA SIZE       =   ----    ----
   DATA SIZE        =      2    ----
   IDATA SIZE       =   ----    ----
   BIT SIZE         =   ----    ----
END OF MODULE INFORMATION.


C51 COMPILATION COMPLETE.  0 WARNING(S),  0 ERROR(S)
