C51 COMPILER V9.54   NIXIE                                                                 12/09/2025 20:21:17 PAGE 1   


C51 COMPILER V9.54, COMPILATION OF MODULE NIXIE
OBJECT MODULE PLACED IN .\Objects\Nixie.obj
COMPILER INVOKED BY: E:\Keil_v5\C51\BIN\C51.EXE Nixie.c OPTIMIZE(8,SPEED) BROWSE DEBUG OBJECTEXTEND PRINT(.\Listings\Nix
                    -ie.lst) OBJECT(.\Objects\Nixie.obj)

line level    source

   1          #include <STC89C5xRC.H>
   2          #include "Delay.h"
   3          
   4          unsigned char NixieTable[] = {0x3f, 0x06, 0x5b, 0x4f, 0x66, 0x6d, 0x7d, 0x07, 0x7f, 0x6f};
   5          
   6          void NixieDisp(unsigned char Location, unsigned char Number)
   7          {
   8   1              switch(Location)
   9   1              {
  10   2                      case 1: P24 = 1; P23 = 1; P22 = 1; break;
  11   2                      case 2: P24 = 1; P23 = 1; P22 = 0; break;
  12   2                      case 3: P24 = 1; P23 = 0; P22 = 1; break;
  13   2                      case 4: P24 = 1; P23 = 0; P22 = 0; break;
  14   2                      case 5: P24 = 0; P23 = 1; P22 = 1; break;
  15   2                      case 6: P24 = 0; P23 = 1; P22 = 0; break;
  16   2                      case 7: P24 = 0; P23 = 0; P22 = 1; break;
  17   2                      case 8: P24 = 0; P23 = 0; P22 = 0; break;
  18   2              }
  19   1              P0 = NixieTable[Number];
  20   1              Delayms(1);
  21   1              P0 = 0x00;
  22   1      }


MODULE INFORMATION:   STATIC OVERLAYABLE
   CODE SIZE        =    109    ----
   CONSTANT SIZE    =   ----    ----
   XDATA SIZE       =   ----    ----
   PDATA SIZE       =   ----    ----
   DATA SIZE        =     10    ----
   IDATA SIZE       =   ----    ----
   BIT SIZE         =   ----    ----
END OF MODULE INFORMATION.


C51 COMPILATION COMPLETE.  0 WARNING(S),  0 ERROR(S)
