C51 COMPILER V9.54   MAIN                                                                  11/24/2025 11:51:05 PAGE 1   


C51 COMPILER V9.54, COMPILATION OF MODULE MAIN
OBJECT MODULE PLACED IN .\Objects\main.obj
COMPILER INVOKED BY: E:\Keil_v5\C51\BIN\C51.EXE main.c OPTIMIZE(8,SPEED) BROWSE DEBUG OBJECTEXTEND PRINT(.\Listings\main
                    -.lst) OBJECT(.\Objects\main.obj)

line level    source

   1          #include <STC89C5xRC.H>
   2          
   3          unsigned char NixieTable[] = {0x3f, 0x06, 0x5b, 0x4f, 0x66, 0x6d, 0x7d, 0x07, 0x7f, 0x6f};
   4          
   5          void NixieDisp(unsigned char Location, unsigned char Number)
   6          {
   7   1              switch(Location)
   8   1              {
   9   2                      case 1: P24 = 1; P23 = 1; P22 = 1; break;
  10   2                      case 2: P24 = 1; P23 = 1; P22 = 0; break;
  11   2                      case 3: P24 = 1; P23 = 0; P22 = 1; break;
  12   2                      case 4: P24 = 1; P23 = 0; P22 = 0; break;
  13   2                      case 5: P24 = 0; P23 = 1; P22 = 1; break;
  14   2                      case 6: P24 = 0; P23 = 1; P22 = 0; break;
  15   2                      case 7: P24 = 0; P23 = 0; P22 = 1; break;
  16   2                      case 8: P24 = 0; P23 = 0; P22 = 0; break;
  17   2              }
  18   1              P0 = NixieTable[Number];
  19   1      }
  20          
  21          void main()
  22          {
  23   1              NixieDisp(2, 3);
  24   1              while(1)
  25   1              {
  26   2                      
  27   2              }
  28   1      }


MODULE INFORMATION:   STATIC OVERLAYABLE
   CODE SIZE        =    108    ----
   CONSTANT SIZE    =   ----    ----
   XDATA SIZE       =   ----    ----
   PDATA SIZE       =   ----    ----
   DATA SIZE        =     10    ----
   IDATA SIZE       =   ----    ----
   BIT SIZE         =   ----    ----
END OF MODULE INFORMATION.


C51 COMPILATION COMPLETE.  0 WARNING(S),  0 ERROR(S)
