C51 COMPILER V9.54   MAIN                                                                  12/11/2025 10:28:04 PAGE 1   


C51 COMPILER V9.54, COMPILATION OF MODULE MAIN
OBJECT MODULE PLACED IN .\Objects\main.obj
COMPILER INVOKED BY: E:\Keil_v5\C51\BIN\C51.EXE main.c OPTIMIZE(8,SPEED) BROWSE DEBUG OBJECTEXTEND PRINT(.\Listings\main
                    -.lst) OBJECT(.\Objects\main.obj)

line level    source

   1          #include <STC89C5xRC.H>
   2          #include "Delay.h"
   3          #include "Key.h"
   4          #include "Nixie.h"
   5          #include "Timer0.h"
   6          
   7          sbit DA = P2^1;
   8          
   9          unsigned char counter, compare;
  10          unsigned char i;
  11          
  12          void main()
  13          {
  14   1          Timer0_Init();
  15   1          while(1)
  16   1          {
  17   2              for(i = 0; i < 100; i++)
  18   2                      {
  19   3                              compare = i;
  20   3                              Delayms(10);
  21   3                      }
  22   2                      for(i = 100; i > 0; i--)
  23   2                      {
  24   3                              compare = i;
  25   3                              Delayms(10);
  26   3                      }
  27   2          }
  28   1      }
  29          
  30          void Timer0_Routine()   interrupt 1
  31          {
  32   1              TL0 = 0xA4;                             //设置定时初始值
  33   1              TH0 = 0xFF;                             //设置定时初始值
  34   1              counter++;
  35   1              counter %= 100;
  36   1              if(counter < compare) DA = 1;
  37   1              else DA = 0;
  38   1      }


MODULE INFORMATION:   STATIC OVERLAYABLE
   CODE SIZE        =     92    ----
   CONSTANT SIZE    =   ----    ----
   XDATA SIZE       =   ----    ----
   PDATA SIZE       =   ----    ----
   DATA SIZE        =      3    ----
   IDATA SIZE       =   ----    ----
   BIT SIZE         =   ----    ----
END OF MODULE INFORMATION.


C51 COMPILATION COMPLETE.  0 WARNING(S),  0 ERROR(S)
