C51 COMPILER V9.54   MAIN                                                                  11/25/2025 11:42:24 PAGE 1   


C51 COMPILER V9.54, COMPILATION OF MODULE MAIN
OBJECT MODULE PLACED IN .\Objects\main.obj
COMPILER INVOKED BY: E:\Keil_v5\C51\BIN\C51.EXE main.c OPTIMIZE(8,SPEED) BROWSE DEBUG OBJECTEXTEND PRINT(.\Listings\main
                    -.lst) OBJECT(.\Objects\main.obj)

line level    source

   1          #include <STC89C5xRC.H>
   2          #include <INTRINS.H>
   3          #include "Timer0.h"
   4          #include "key.h"
   5          
   6          unsigned char KeyNum, LEDMode;
   7          
   8          void main()
   9          {
  10   1              P2 = 0xfe;
  11   1          Timer0_Init();
  12   1          while(1)
  13   1          {
  14   2              KeyNum = Key();
  15   2                      if(KeyNum == 1) 
  16   2                      {
  17   3                              LEDMode++;
  18   3                              LEDMode %= 2;
  19   3                      }
  20   2          }
  21   1      }
  22          
  23          void Timer0_Routine()   interrupt 1
  24          {
  25   1              static unsigned int T0count;
  26   1              TH0 = 64535 / 256;
  27   1              TL0 = 64535 % 256;
  28   1              T0count++;
  29   1              if(T0count >= 500)
  30   1              {
  31   2                      T0count = 0;
  32   2                      if(LEDMode == 0)
  33   2                      {
  34   3                              P2 = _crol_(P2, 1);
  35   3                      }
  36   2                      if(LEDMode == 1)
  37   2                      {
  38   3                              P2 = _cror_(P2, 1);
  39   3                      }
  40   2              }
  41   1      }


MODULE INFORMATION:   STATIC OVERLAYABLE
   CODE SIZE        =    107    ----
   CONSTANT SIZE    =   ----    ----
   XDATA SIZE       =   ----    ----
   PDATA SIZE       =   ----    ----
   DATA SIZE        =      4    ----
   IDATA SIZE       =   ----    ----
   BIT SIZE         =   ----    ----
END OF MODULE INFORMATION.


C51 COMPILATION COMPLETE.  0 WARNING(S),  0 ERROR(S)
