C51 COMPILER V9.54   MAIN                                                                  12/11/2025 10:24:10 PAGE 1   


C51 COMPILER V9.54, COMPILATION OF MODULE MAIN
OBJECT MODULE PLACED IN .\Objects\main.obj
COMPILER INVOKED BY: E:\Keil_v5\C51\BIN\C51.EXE main.c OPTIMIZE(8,SPEED) BROWSE DEBUG OBJECTEXTEND PRINT(.\Listings\main
                    -.lst) OBJECT(.\Objects\main.obj)

line level    source

   1          #include <STC89C5xRC.H>
   2          #include "LCD1602.h"
   3          #include "Delay.h"
   4          #include "XPT2046.h"
   5          
   6          unsigned int ADvalue;
   7          
   8          void main()
   9          {
  10   1          LCD_Init();
  11   1              LCD_ShowString(1, 1, "ADJ  NTC  RG");
  12   1          while(1)
  13   1          {
  14   2              ADvalue = XPT2046_ReadAD(XPT2046_XP_8);
  15   2                      LCD_ShowNum(2, 1, ADvalue, 3);
  16   2                      ADvalue = XPT2046_ReadAD(XPT2046_YP_8);
  17   2                      LCD_ShowNum(2, 6, ADvalue, 3);
  18   2                      ADvalue = XPT2046_ReadAD(XPT2046_VBAT_8);
  19   2                      LCD_ShowNum(2, 11, ADvalue, 3);
  20   2                      Delayms(10);
  21   2          }
  22   1      }


MODULE INFORMATION:   STATIC OVERLAYABLE
   CODE SIZE        =     94    ----
   CONSTANT SIZE    =     13    ----
   XDATA SIZE       =   ----    ----
   PDATA SIZE       =   ----    ----
   DATA SIZE        =      2    ----
   IDATA SIZE       =   ----    ----
   BIT SIZE         =   ----    ----
END OF MODULE INFORMATION.


C51 COMPILATION COMPLETE.  0 WARNING(S),  0 ERROR(S)
