C51 COMPILER V9.54   MAIN                                                                  11/25/2025 11:52:56 PAGE 1   


C51 COMPILER V9.54, COMPILATION OF MODULE MAIN
OBJECT MODULE PLACED IN .\Objects\main.obj
COMPILER INVOKED BY: E:\Keil_v5\C51\BIN\C51.EXE main.c OPTIMIZE(8,SPEED) BROWSE DEBUG OBJECTEXTEND PRINT(.\Listings\main
                    -.lst) OBJECT(.\Objects\main.obj)

line level    source

   1          #include <STC89C5xRC.H>
   2          #include "LCD1602.h"
   3          #include "Timer0.h"
   4          
   5          unsigned char sec, min, hour;
   6          
   7          void main()
   8          {
   9   1              Timer0_Init();
  10   1          LCD_Init();
  11   1              
  12   1              LCD_ShowString(1, 1, "Clock:");
  13   1              LCD_ShowString(2, 3, ":");
  14   1              LCD_ShowString(2, 6, ":");
  15   1              
  16   1          while(1)
  17   1          {
  18   2              LCD_ShowNum(2, 1, hour, 2);
  19   2                      LCD_ShowNum(2, 4, min, 2);
  20   2                      LCD_ShowNum(2, 7, sec, 2);
  21   2          }
  22   1      }
  23          
  24          void Timer0_Routine()   interrupt 1
  25          {
  26   1              static unsigned int T0count;
  27   1              TH0 = 64535 / 256;
  28   1              TL0 = 64535 % 256;
  29   1              T0count++;
  30   1              if(T0count >= 1000)
  31   1              {
  32   2                      T0count = 0;
  33   2                      sec++;
  34   2                      if(sec >= 60)
  35   2                      {
  36   3                              sec = 0;
  37   3                              min++;
  38   3                              if(min >= 60)
  39   3                              {
  40   4                                      min = 0;
  41   4                                      hour++;
  42   4                                      if(hour >= 24)
  43   4                                      {
  44   5                                              hour = 0;
  45   5                                      }
  46   4                              }
  47   3                      }
  48   2              }
  49   1      }


MODULE INFORMATION:   STATIC OVERLAYABLE
   CODE SIZE        =    163    ----
   CONSTANT SIZE    =      9    ----
C51 COMPILER V9.54   MAIN                                                                  11/25/2025 11:52:56 PAGE 2   

   XDATA SIZE       =   ----    ----
   PDATA SIZE       =   ----    ----
   DATA SIZE        =      5    ----
   IDATA SIZE       =   ----    ----
   BIT SIZE         =   ----    ----
END OF MODULE INFORMATION.


C51 COMPILATION COMPLETE.  0 WARNING(S),  0 ERROR(S)
