C51 COMPILER V9.54   MAIN                                                                  12/09/2025 20:54:25 PAGE 1   


C51 COMPILER V9.54, COMPILATION OF MODULE MAIN
OBJECT MODULE PLACED IN .\Objects\main.obj
COMPILER INVOKED BY: E:\Keil_v5\C51\BIN\C51.EXE main.c OPTIMIZE(8,SPEED) BROWSE DEBUG OBJECTEXTEND PRINT(.\Listings\main
                    -.lst) OBJECT(.\Objects\main.obj)

line level    source

   1          #include <STC89C5xRC.H>
   2          #include "Delay.h"
   3          #include "Key.h"
   4          #include "Nixie.h"
   5          #include "Timer0.h"
   6          
   7          sbit Motor = P1^0;
   8          
   9          unsigned char counter, compare;
  10          unsigned char KeyNum, speed;
  11          
  12          void main()
  13          {
  14   1          Timer0_Init();
  15   1              compare = 5;
  16   1          while(1)
  17   1          {
  18   2              KeyNum = Key();
  19   2                      if(KeyNum == 1)
  20   2                      {
  21   3                              speed++;
  22   3                              speed %= 4;
  23   3                              if(speed == 0) compare = 0;
  24   3                              if(speed == 1) compare = 50;
  25   3                              if(speed == 2) compare = 75;
  26   3                              if(speed == 3) compare = 100;
  27   3                      }
  28   2                      NixieDisp(1, speed);
  29   2          }
  30   1      }
  31          
  32          void Timer0_Routine()   interrupt 1
  33          {
  34   1              TL0 = 0xA4;                             //设置定时初始值
  35   1              TH0 = 0xFF;                             //设置定时初始值
  36   1              counter++;
  37   1              counter %= 100;
  38   1              if(counter < compare) Motor = 1;
  39   1              else Motor = 0;
  40   1      }


MODULE INFORMATION:   STATIC OVERLAYABLE
   CODE SIZE        =    104    ----
   CONSTANT SIZE    =   ----    ----
   XDATA SIZE       =   ----    ----
   PDATA SIZE       =   ----    ----
   DATA SIZE        =      4    ----
   IDATA SIZE       =   ----    ----
   BIT SIZE         =   ----    ----
END OF MODULE INFORMATION.


C51 COMPILATION COMPLETE.  0 WARNING(S),  0 ERROR(S)
