C51 COMPILER V9.54   LCD1602                                                               11/28/2025 10:35:20 PAGE 1   


C51 COMPILER V9.54, COMPILATION OF MODULE LCD1602
OBJECT MODULE PLACED IN .\Objects\LCD1602.obj
COMPILER INVOKED BY: E:\Keil_v5\C51\BIN\C51.EXE LCD1602.c OPTIMIZE(8,SPEED) BROWSE DEBUG OBJECTEXTEND PRINT(.\Listings\L
                    -CD1602.lst) OBJECT(.\Objects\LCD1602.obj)

line level    source

   1          #include <REGX52.H>
   2          sbit LCD_RS=P2^5;
   3          sbit LCD_RW=P2^6;
   4          sbit LCD_EN=P2^7;
   5          #define LCD_DataPort P0
   6          void LCD_Delay()
   7          {
   8   1              unsigned char i, j;
   9   1      
  10   1              i = 2;
  11   1              j = 239;
  12   1              do
  13   1              {
  14   2                      while (--j);
  15   2              } while (--i);
  16   1      }
  17          void LCD_WriteCommand(unsigned char Command)
  18          {
  19   1              LCD_RS=0;
  20   1              LCD_RW=0;
  21   1              LCD_DataPort=Command;
  22   1              LCD_EN=1;
  23   1              LCD_Delay();
  24   1              LCD_EN=0;
  25   1              LCD_Delay();
  26   1      }
  27          void LCD_WriteData(unsigned char Data)
  28          {
  29   1              LCD_RS=1;
  30   1              LCD_RW=0;
  31   1              LCD_DataPort=Data;
  32   1              LCD_EN=1;
  33   1              LCD_Delay();
  34   1              LCD_EN=0;
  35   1              LCD_Delay();
  36   1      }
  37          void LCD_SetCursor(unsigned char Line,unsigned char Column)
  38          {
  39   1              if(Line==1)
  40   1              {
  41   2                      LCD_WriteCommand(0x80|(Column-1));
  42   2              }
  43   1              else if(Line==2)
  44   1              {
  45   2                      LCD_WriteCommand(0x80|(Column-1+0x40));
  46   2              }
  47   1      }
  48          void LCD_Init()
  49          {
  50   1              LCD_WriteCommand(0x38);
  51   1              LCD_WriteCommand(0x0c);
  52   1              LCD_WriteCommand(0x06);
  53   1              LCD_WriteCommand(0x01);
  54   1      }
C51 COMPILER V9.54   LCD1602                                                               11/28/2025 10:35:20 PAGE 2   

  55          void LCD_ShowChar(unsigned char Line,unsigned char Column,char Char)
  56          {
  57   1              LCD_SetCursor(Line,Column);
  58   1              LCD_WriteData(Char);
  59   1      }
  60          void LCD_ShowString(unsigned char Line,unsigned char Column,char *String)
  61          {
  62   1              unsigned char i;
  63   1              LCD_SetCursor(Line,Column);
  64   1              for(i=0;String[i]!='\0';i++)
  65   1              {
  66   2                      LCD_WriteData(String[i]);
  67   2              }
  68   1      }
  69          int LCD_Pow(int X,int Y)
  70          {
  71   1              unsigned char i;
  72   1              int Result=1;
  73   1              for(i=0;i<Y;i++)
  74   1              {
  75   2                      Result*=X;
  76   2              }
  77   1              return Result;
  78   1      }
  79          void LCD_ShowNum(unsigned char Line,unsigned char Column,unsigned int Number,unsigned char Length)
  80          {
  81   1              unsigned char i;
  82   1              LCD_SetCursor(Line,Column);
  83   1              for(i=Length;i>0;i--)
  84   1              {
  85   2                      LCD_WriteData(Number/LCD_Pow(10,i-1)%10+'0');
  86   2              }
  87   1      }
  88          


MODULE INFORMATION:   STATIC OVERLAYABLE
   CODE SIZE        =    222    ----
   CONSTANT SIZE    =   ----    ----
   XDATA SIZE       =   ----    ----
   PDATA SIZE       =   ----    ----
   DATA SIZE        =   ----      12
   IDATA SIZE       =   ----    ----
   BIT SIZE         =   ----    ----
END OF MODULE INFORMATION.


C51 COMPILATION COMPLETE.  0 WARNING(S),  0 ERROR(S)
