C51 COMPILER V9.54   MATRIXKEY                                                             11/28/2025 10:35:20 PAGE 1   


C51 COMPILER V9.54, COMPILATION OF MODULE MATRIXKEY
OBJECT MODULE PLACED IN .\Objects\MatrixKey.obj
COMPILER INVOKED BY: E:\Keil_v5\C51\BIN\C51.EXE MatrixKey.c OPTIMIZE(8,SPEED) BROWSE DEBUG OBJECTEXTEND PRINT(.\Listings
                    -\MatrixKey.lst) OBJECT(.\Objects\MatrixKey.obj)

line level    source

   1          #include <REGX52.h>
   2          unsigned char Key_KeyNumber;
   3          unsigned char Key()
   4          {
   5   1              unsigned char Temp;
   6   1              Temp=Key_KeyNumber;
   7   1              Key_KeyNumber=0;
   8   1              return Temp;
   9   1      }
  10          
  11          unsigned char MatrixKey()
  12          {
  13   1              unsigned char KeyNumber=0;
  14   1              P1=0xFF;
  15   1              P1_2=0;
  16   1              if(P1_4==0){KeyNumber=3;}
  17   1              P1=0xFF;
  18   1              P1_1=0;
  19   1              if(P1_5==0){KeyNumber=1;}
  20   1              if(P1_4==0){KeyNumber=2;}
  21   1              P1=0xFF;
  22   1              P1_0=0;
  23   1              if(P1_4==0){KeyNumber=4;}
  24   1              return KeyNumber;
  25   1      }
  26          
  27          void Loop_MatrixKey()
  28          {
  29   1              static unsigned char LastKey=0,NowKey=0;
  30   1              LastKey=NowKey;
  31   1              NowKey=MatrixKey();
  32   1              if(LastKey==0 && NowKey==1){Key_KeyNumber=1;}
  33   1              if(LastKey==0 && NowKey==2){Key_KeyNumber=2;}
  34   1              if(LastKey==0 && NowKey==3){Key_KeyNumber=3;}
  35   1              if(LastKey==0 && NowKey==4){Key_KeyNumber=4;}
  36   1      }
  37          
  38          
  39          
  40          
  41          
  42          
  43          
  44          
  45          
  46          
  47          
  48          
  49          
  50          
  51          
  52          
  53          
  54          
C51 COMPILER V9.54   MATRIXKEY                                                             11/28/2025 10:35:20 PAGE 2   



MODULE INFORMATION:   STATIC OVERLAYABLE
   CODE SIZE        =    101    ----
   CONSTANT SIZE    =   ----    ----
   XDATA SIZE       =   ----    ----
   PDATA SIZE       =   ----    ----
   DATA SIZE        =      3    ----
   IDATA SIZE       =   ----    ----
   BIT SIZE         =   ----    ----
END OF MODULE INFORMATION.


C51 COMPILATION COMPLETE.  0 WARNING(S),  0 ERROR(S)
