C51 COMPILER V9.54   DS1302                                                                11/27/2025 20:39:36 PAGE 1   


C51 COMPILER V9.54, COMPILATION OF MODULE DS1302
OBJECT MODULE PLACED IN .\Objects\DS1302.obj
COMPILER INVOKED BY: E:\Keil_v5\C51\BIN\C51.EXE DS1302.c OPTIMIZE(8,SPEED) BROWSE DEBUG OBJECTEXTEND PRINT(.\Listings\DS
                    -1302.lst) OBJECT(.\Objects\DS1302.obj)

line level    source

   1          #include <STC89C5xRC.H>
   2          
   3          //引脚定义
   4          sbit DS1302_SCLK = P3^6;
   5          sbit DS1302_IO = P3^4;
   6          sbit DS1302_CE = P3^5;
   7          
   8          //寄存器写入地址/指令定义
   9          #define DS1302_SECOND  0x80
  10          #define DS1302_MINUTE  0x82
  11          #define DS1302_HOUR    0x84
  12          #define DS1302_DATE    0x86
  13          #define DS1302_MONTH   0x88
  14          #define DS1302_DAY     0x8A
  15          #define DS1302_YEAR    0x8C
  16          #define DS1302_WP      0x8E
  17          
  18          //时间数组，索引0~6分别为年、月、日、时、分、秒、星期
  19          char DS1302_Time[] = {25, 11, 27, 19, 59, 55, 4};
  20          
  21          /**
  22             * @brief  DS1302初始化
  23             * @param      无
  24             * @retval 无
  25             */
  26          void DS1302_Init(void)
  27          {
  28   1              DS1302_CE = 0;
  29   1              DS1302_IO = 0;
  30   1              DS1302_SCLK = 0;
  31   1      }
  32          
  33          /**
  34             * @brief  DS1302写入一个字节
  35             * @param  command：命令字/地址
  36             * @param  Data：要写入的数据
  37             * @retval 无
  38             */
  39          void DS1302_WriteByte(unsigned char command, unsigned char Data)
  40          {
  41   1              unsigned char i;
  42   1              DS1302_CE = 1;
  43   1              for(i = 0; i < 8; i++)
  44   1              {
  45   2                      DS1302_IO = command & (0x01 << i);
  46   2                      DS1302_SCLK = 1;
  47   2                      DS1302_SCLK = 0;
  48   2              }
  49   1              for(i = 0; i < 8; i++)
  50   1              {
  51   2                      DS1302_IO = Data & (0x01 << i);
  52   2                      DS1302_SCLK = 1;
  53   2                      DS1302_SCLK = 0;
  54   2              }
C51 COMPILER V9.54   DS1302                                                                11/27/2025 20:39:36 PAGE 2   

  55   1              DS1302_CE = 0;
  56   1      }
  57          
  58          /**
  59             * @brief  DS1302读一个字节
  60             * @param  command：命令字/地址
  61             * @retval 读出的数据
  62             */
  63          unsigned char DS1302_ReadByte(unsigned char command)
  64          {
  65   1              unsigned char Data = 0x00;
  66   1              unsigned char i;
  67   1              command |= 0x01;        //将指令转化为读命令
  68   1              DS1302_CE = 1;
  69   1              for(i = 0; i < 8; i++)
  70   1              {
  71   2                      DS1302_IO = command & (0x01 << i);
  72   2                      DS1302_SCLK = 0;
  73   2                      DS1302_SCLK = 1;
  74   2              }
  75   1              for(i = 0; i < 8; i++)
  76   1              {
  77   2                      DS1302_SCLK = 1;
  78   2                      DS1302_SCLK = 0;
  79   2                      if(DS1302_IO) Data |= (0x01 << i);
  80   2              }
  81   1              DS1302_CE = 0;
  82   1              DS1302_IO = 0;          //读取后将IO设置为0，否则读出的数据会出错
  83   1              return Data;
  84   1      }
  85          
  86          /**
  87             * @brief  DS1302设置时间，调用之后，DS1302_Time数组的数字会被设置到DS1302中
  88             * @param  无
  89             * @retval 无
  90             */
  91          void DS1302_SetTime(void)
  92          {
  93   1              DS1302_WriteByte(DS1302_WP, 0x00);
  94   1              DS1302_WriteByte(DS1302_YEAR, DS1302_Time[0]/10*16+DS1302_Time[0]%10);
  95   1              DS1302_WriteByte(DS1302_MONTH, DS1302_Time[1]/10*16+DS1302_Time[1]%10);
  96   1              DS1302_WriteByte(DS1302_DATE, DS1302_Time[2]/10*16+DS1302_Time[2]%10);
  97   1              DS1302_WriteByte(DS1302_HOUR, DS1302_Time[3]/10*16+DS1302_Time[3]%10);
  98   1              DS1302_WriteByte(DS1302_MINUTE, DS1302_Time[4]/10*16+DS1302_Time[4]%10);
  99   1              DS1302_WriteByte(DS1302_SECOND, DS1302_Time[5]/10*16+DS1302_Time[5]%10);
 100   1              DS1302_WriteByte(DS1302_DAY, DS1302_Time[6]/10*16+DS1302_Time[6]%10);
 101   1              DS1302_WriteByte(DS1302_WP, 0x80);
 102   1      }
 103          
 104          /**
 105             * @brief  DS1302读取时间，调用之后，DS1302中的数据会被读取到DS1302_Time数组中
 106             * @param      无
 107             * @retval 无
 108             */
 109          void  DS1302_ReadTime(void)
 110          {
 111   1              unsigned char temp;
 112   1              temp = DS1302_ReadByte(DS1302_YEAR);
 113   1              DS1302_Time[0] = temp / 16 * 10 + temp % 16;
 114   1              temp = DS1302_ReadByte(DS1302_MONTH);
 115   1              DS1302_Time[1] = temp / 16 * 10 + temp % 16;
 116   1              temp = DS1302_ReadByte(DS1302_DATE);
C51 COMPILER V9.54   DS1302                                                                11/27/2025 20:39:36 PAGE 3   

 117   1              DS1302_Time[2] = temp / 16 * 10 + temp % 16;
 118   1              temp = DS1302_ReadByte(DS1302_HOUR);
 119   1              DS1302_Time[3] = temp / 16 * 10 + temp % 16;
 120   1              temp = DS1302_ReadByte(DS1302_MINUTE);
 121   1              DS1302_Time[4] = temp / 16 * 10 + temp % 16;
 122   1              temp = DS1302_ReadByte(DS1302_SECOND);
 123   1              DS1302_Time[5] = temp / 16 * 10 + temp % 16;
 124   1              temp = DS1302_ReadByte(DS1302_DAY);
 125   1              DS1302_Time[6] = temp / 16 * 10 + temp % 16;
 126   1      }


MODULE INFORMATION:   STATIC OVERLAYABLE
   CODE SIZE        =    531    ----
   CONSTANT SIZE    =   ----    ----
   XDATA SIZE       =   ----    ----
   PDATA SIZE       =   ----    ----
   DATA SIZE        =      7    ----
   IDATA SIZE       =   ----    ----
   BIT SIZE         =   ----    ----
END OF MODULE INFORMATION.


C51 COMPILATION COMPLETE.  0 WARNING(S),  0 ERROR(S)
