C51 COMPILER V9.54   MAIN                                                                  11/22/2025 16:15:56 PAGE 1   


C51 COMPILER V9.54, COMPILATION OF MODULE MAIN
OBJECT MODULE PLACED IN .\Objects\main.obj
COMPILER INVOKED BY: E:\Keil_v5\C51\BIN\C51.EXE main.c OPTIMIZE(8,SPEED) BROWSE DEBUG OBJECTEXTEND PRINT(.\Listings\main
                    -.lst) TABS(2) OBJECT(.\Objects\main.obj)

line level    source

   1          #include <STC89C5xRC.H>
   2          #include <INTRINS.H>
   3          
   4          void Delayms(unsigned int ms) //@11.0592MHz
   5          {
   6   1        unsigned char data i, j;
   7   1        while(ms--)
   8   1        {
   9   2          _nop_();
  10   2          i = 2;
  11   2          j = 199;
  12   2          do
  13   2          {
  14   3            while (--j);
  15   3          } while (--i);
  16   2        }
  17   1      }
  18          
  19          
  20          void main()
  21          {
  22   1        unsigned char i;
  23   1        while(1)
  24   1        {
  25   2          P2 = 0xfe;
  26   2          i = 8;
  27   2          while(i--) {
  28   3            Delayms(200);
  29   3            P2 = ~((~P2) << 1);
  30   3          }
  31   2        }
  32   1      }


MODULE INFORMATION:   STATIC OVERLAYABLE
   CODE SIZE        =     50    ----
   CONSTANT SIZE    =   ----    ----
   XDATA SIZE       =   ----    ----
   PDATA SIZE       =   ----    ----
   DATA SIZE        =   ----    ----
   IDATA SIZE       =   ----    ----
   BIT SIZE         =   ----    ----
END OF MODULE INFORMATION.


C51 COMPILATION COMPLETE.  0 WARNING(S),  0 ERROR(S)
