C51 COMPILER V9.54   BUZZER                                                                11/29/2025 10:26:41 PAGE 1   


C51 COMPILER V9.54, COMPILATION OF MODULE BUZZER
OBJECT MODULE PLACED IN .\Objects\Buzzer.obj
COMPILER INVOKED BY: E:\Keil_v5\C51\BIN\C51.EXE Buzzer.c OPTIMIZE(8,SPEED) BROWSE DEBUG OBJECTEXTEND PRINT(.\Listings\Bu
                    -zzer.lst) OBJECT(.\Objects\Buzzer.obj)

line level    source

   1          #include <STC89C5xRC.H>
   2          #include <INTRINS.H>
   3          #include "Delay.h"
   4          
   5          // 蜂鸣器端口
   6          sbit buzzer = P2^5;
   7          
   8          /**
   9             * @brief  蜂鸣器私有延时函数，延时500us
  10             * @param  无
  11             * @retval 无
  12             */
  13          void Buzzer_Delay500us(void)    //@11.0592MHz
  14          {
  15   1              unsigned char data i;
  16   1      
  17   1              _nop_();
  18   1              i = 227;
  19   1              while (--i);
  20   1      }
  21          
  22          /**
  23             * @brief  蜂鸣器发声
  24             * @param  ms：发声的时长
  25             * @retval 无
  26             */
  27          void BuzzerTime(unsigned int ms)
  28          {
  29   1              unsigned int i;
  30   1              for(i = 0; i < ms*2; i++)
  31   1              {
  32   2                      buzzer = !buzzer;
  33   2                      Buzzer_Delay500us();
  34   2              }
  35   1      }


MODULE INFORMATION:   STATIC OVERLAYABLE
   CODE SIZE        =     40    ----
   CONSTANT SIZE    =   ----    ----
   XDATA SIZE       =   ----    ----
   PDATA SIZE       =   ----    ----
   DATA SIZE        =   ----    ----
   IDATA SIZE       =   ----    ----
   BIT SIZE         =   ----    ----
END OF MODULE INFORMATION.


C51 COMPILATION COMPLETE.  0 WARNING(S),  0 ERROR(S)
