C51 COMPILER V9.54   MAIN                                                                  11/28/2025 12:02:54 PAGE 1   


C51 COMPILER V9.54, COMPILATION OF MODULE MAIN
OBJECT MODULE PLACED IN .\Objects\main.obj
COMPILER INVOKED BY: E:\Keil_v5\C51\BIN\C51.EXE main.c OPTIMIZE(8,SPEED) BROWSE DEBUG OBJECTEXTEND PRINT(.\Listings\main
                    -.lst) OBJECT(.\Objects\main.obj)

line level    source

   1          #include <STC89C5xRC.H>
   2          #include "Timer0.h"
   3          #include "snake.h"
   4          #include "MatrixLED.h"
   5          #include "MatrixKey.h"
   6          
   7          void main()
   8          {
   9   1              Timer0_Init();
  10   1          MatrixLED_Init();
  11   1              GameInit();
  12   1          while(1)
  13   1          {
  14   2              PlayGame();
  15   2          }
  16   1      }
  17          
  18          void Timer0_Routine()   interrupt 1
  19          {
  20   1              static unsigned int T0count1, T0count2;
  21   1              TH0 = 64535 / 256;
  22   1              TL0 = 64535 % 256;
  23   1              T0count1++;
  24   1              if(T0count1 >= 500)
  25   1              {
  26   2                      T0count1 = 0;
  27   2                      SnakeMove();
  28   2              }
  29   1              T0count2++;
  30   1              if(T0count2 >= 30)
  31   1              {
  32   2                      T0count2 = 0;
  33   2                      LoopMatrixKey();
  34   2              }
  35   1      }


MODULE INFORMATION:   STATIC OVERLAYABLE
   CODE SIZE        =    128    ----
   CONSTANT SIZE    =   ----    ----
   XDATA SIZE       =   ----    ----
   PDATA SIZE       =   ----    ----
   DATA SIZE        =      4    ----
   IDATA SIZE       =   ----    ----
   BIT SIZE         =   ----    ----
END OF MODULE INFORMATION.


C51 COMPILATION COMPLETE.  0 WARNING(S),  0 ERROR(S)
