C51 COMPILER V9.54   MAIN                                                                  12/09/2025 19:44:33 PAGE 1   


C51 COMPILER V9.54, COMPILATION OF MODULE MAIN
OBJECT MODULE PLACED IN .\Objects\main.obj
COMPILER INVOKED BY: E:\Keil_v5\C51\BIN\C51.EXE main.c OPTIMIZE(8,SPEED) BROWSE DEBUG OBJECTEXTEND PRINT(.\Listings\main
                    -.lst) OBJECT(.\Objects\main.obj)

line level    source

   1          #include <STC89C5xRC.H>
   2          #include "LCD1602.h"
   3          
   4          void main()
   5          {
   6   1          LCD_Init();
   7   1              LCD_ShowChar(1, 1, 0xB1);
   8   1              LCD_ShowChar(1, 2, 0xB2);
   9   1              LCD_ShowChar(1, 3, 0xBC);
  10   1              LCD_ShowChar(1, 4, 0xC3);
  11   1              LCD_ShowChar(1, 5, 0xD9);
  12   1          while(1)
  13   1          {
  14   2              
  15   2          }
  16   1      }


MODULE INFORMATION:   STATIC OVERLAYABLE
   CODE SIZE        =     50    ----
   CONSTANT SIZE    =   ----    ----
   XDATA SIZE       =   ----    ----
   PDATA SIZE       =   ----    ----
   DATA SIZE        =   ----    ----
   IDATA SIZE       =   ----    ----
   BIT SIZE         =   ----    ----
END OF MODULE INFORMATION.


C51 COMPILATION COMPLETE.  0 WARNING(S),  0 ERROR(S)
