C51 COMPILER V9.54   MAIN                                                                  11/27/2025 09:59:45 PAGE 1   


C51 COMPILER V9.54, COMPILATION OF MODULE MAIN
OBJECT MODULE PLACED IN .\Objects\main.obj
COMPILER INVOKED BY: E:\Keil_v5\C51\BIN\C51.EXE main.c OPTIMIZE(8,SPEED) BROWSE DEBUG OBJECTEXTEND PRINT(.\Listings\main
                    -.lst) OBJECT(.\Objects\main.obj)

line level    source

   1          #include <STC89C5xRC.H>
   2          #include "Delay.h"
   3          #include "MatrixLED.h"
   4          
   5          unsigned char code animation[] = {
   6                  0x00,0x00,0x00,0x00,0x00,0x00,0x00,0x00,
   7                  0xFF,0x08,0x08,0x08,0xFF,0x00,0x0E,0x15,
   8                  0x15,0x15,0x09,0x00,0x7E,0x01,0x02,0x00,
   9                  0x7E,0x01,0x02,0x00,0x0E,0x11,0x11,0x0E,
  10                  0x00,0x00,0x7D,0x00,0x00,0x00,0x00,0x00,
  11                  0x00,0x00,0x00,0x00,0x00,0x00,0x00,0x00
  12          };
  13          
  14          void main()
  15          {
  16   1              unsigned char i, offset = 0, count = 0;
  17   1              MatrixLED_Init();
  18   1          while(1)
  19   1          {
  20   2                      for(i = 0; i < 8; i++)
  21   2                      {
  22   3                              MatrixLED_ShowColumn(i, animation[i + offset]);
  23   3                      }
  24   2                      count++;
  25   2                      if(count > 10)
  26   2                      {
  27   3                              count = 0;
  28   3                              offset++;
  29   3                              if(offset > 40) offset = 0;
  30   3                      }
  31   2          }
  32   1      }


MODULE INFORMATION:   STATIC OVERLAYABLE
   CODE SIZE        =     60    ----
   CONSTANT SIZE    =     48    ----
   XDATA SIZE       =   ----    ----
   PDATA SIZE       =   ----    ----
   DATA SIZE        =   ----       3
   IDATA SIZE       =   ----    ----
   BIT SIZE         =   ----    ----
END OF MODULE INFORMATION.


C51 COMPILATION COMPLETE.  0 WARNING(S),  0 ERROR(S)
