C51 COMPILER V9.54   MAIN                                                                  12/12/2025 15:37:30 PAGE 1   


C51 COMPILER V9.54, COMPILATION OF MODULE MAIN
OBJECT MODULE PLACED IN .\Objects\main.obj
COMPILER INVOKED BY: E:\Keil_v5\C51\BIN\C51.EXE main.c OPTIMIZE(8,SPEED) BROWSE DEBUG OBJECTEXTEND PRINT(.\Listings\main
                    -.lst) OBJECT(.\Objects\main.obj)

line level    source

   1          #include <STC89C5xRC.H>
   2          #include "Timer1.h"
   3          #include "snake.h"
   4          #include "MatrixLED.h"
   5          #include "IR.h"
   6          
   7          sbit buzzer = P2^5;
   8          
   9          void main()
  10          {
  11   1              Timer1_Init();
  12   1              IR_Init();
  13   1          MatrixLED_Init();
  14   1              GameInit();
  15   1          while(1)
  16   1          {
  17   2                      if(!snake_die)
  18   2                              PlayGame();
  19   2                      else
  20   2                              SnakeDieKey();
  21   2          }
  22   1      }
  23          
  24          void Timer1_Routine()   interrupt 3
  25          {
  26   1              static unsigned int T1count1, T1count2, T1count3;
  27   1              TH1 = 64535 / 256;
  28   1              TL1 = 64535 % 256;
  29   1              T1count1++;
  30   1              if(T1count1 >= 500)
  31   1              {
  32   2                      T1count1 = 0;
  33   2                      if(game_run && !snake_die)
  34   2                              SnakeMove();
  35   2              }
  36   1              if(snake_eat_buzzer)
  37   1              {
  38   2                      T1count2++;
  39   2                      buzzer = !buzzer;
  40   2                      if(T1count2 >= 200)
  41   2                      {
  42   3                              T1count2 = 0;
  43   3                              snake_eat_buzzer = 0;
  44   3                      }
  45   2              }
  46   1              if(snake_die_buzzer)
  47   1              {
  48   2                      T1count3++;
  49   2                      buzzer = !buzzer;
  50   2                      if(T1count3 >= 1000)
  51   2                      {
  52   3                              T1count3 = 0;
  53   3                              snake_die_buzzer = 0;
  54   3                      }
C51 COMPILER V9.54   MAIN                                                                  12/12/2025 15:37:30 PAGE 2   

  55   2              }
  56   1      }


MODULE INFORMATION:   STATIC OVERLAYABLE
   CODE SIZE        =    186    ----
   CONSTANT SIZE    =   ----    ----
   XDATA SIZE       =   ----    ----
   PDATA SIZE       =   ----    ----
   DATA SIZE        =      6    ----
   IDATA SIZE       =   ----    ----
   BIT SIZE         =   ----    ----
END OF MODULE INFORMATION.


C51 COMPILATION COMPLETE.  0 WARNING(S),  0 ERROR(S)
