C51 COMPILER V9.54   TIMER1                                                                12/12/2025 14:15:59 PAGE 1   


C51 COMPILER V9.54, COMPILATION OF MODULE TIMER1
OBJECT MODULE PLACED IN .\Objects\Timer1.obj
COMPILER INVOKED BY: E:\Keil_v5\C51\BIN\C51.EXE Timer1.c OPTIMIZE(8,SPEED) BROWSE DEBUG OBJECTEXTEND PRINT(.\Listings\Ti
                    -mer1.lst) OBJECT(.\Objects\Timer1.obj)

line level    source

   1          #include <STC89C5xRC.H>
   2          
   3          /**
   4             * @brief 定时器1初始化，1毫秒@11.0592MHz
   5             * @param 无
   6             * @retval 无
   7             */
   8          void Timer1_Init(void)
   9          {
  10   1              TMOD &= 0x0F;                   //设置定时器模式
  11   1              TMOD |= 0x10;                   //设置定时器模式
  12   1              TL1 = 0x66;                             //设置定时初始值
  13   1              TH1 = 0xFC;                             //设置定时初始值
  14   1              TF1 = 0;                                //清除TF0标志
  15   1              TR1 = 1;                                //定时器0开始计时
  16   1              ET1 = 1;
  17   1              EA = 1;
  18   1              PT1 = 0;
  19   1      }
  20          
  21          /* 定时器中断函数模版
  22          void Timer1_Routine()   interrupt 3
  23          {
  24                  static unsigned int T0count;
  25                  TH1 = 64535 / 256;
  26                  TL1 = 64535 % 256;
  27                  T1count++;
  28                  if(T1count >= 1000)
  29                  {
  30                          T1count = 0;
  31                          
  32                  }
  33          }
  34          */


MODULE INFORMATION:   STATIC OVERLAYABLE
   CODE SIZE        =     23    ----
   CONSTANT SIZE    =   ----    ----
   XDATA SIZE       =   ----    ----
   PDATA SIZE       =   ----    ----
   DATA SIZE        =   ----    ----
   IDATA SIZE       =   ----    ----
   BIT SIZE         =   ----    ----
END OF MODULE INFORMATION.


C51 COMPILATION COMPLETE.  0 WARNING(S),  0 ERROR(S)
