C51 COMPILER V9.54   MAIN                                                                  11/24/2025 12:23:42 PAGE 1   


C51 COMPILER V9.54, COMPILATION OF MODULE MAIN
OBJECT MODULE PLACED IN .\Objects\main.obj
COMPILER INVOKED BY: E:\Keil_v5\C51\BIN\C51.EXE main.c OPTIMIZE(8,SPEED) BROWSE DEBUG OBJECTEXTEND PRINT(.\Listings\main
                    -.lst) OBJECT(.\Objects\main.obj)

line level    source

   1          #include <STC89C5xRC.H>
   2          #include <INTRINS.H>
   3          
   4          unsigned char NixieTable[] = {0x3f, 0x06, 0x5b, 0x4f, 0x66, 0x6d, 0x7d, 0x07, 0x7f, 0x6f};
   5          
   6          void Delayms(unsigned int ms)
   7          {
   8   1              unsigned char data i, j;
   9   1              while(ms--)
  10   1              {
  11   2                      _nop_();
  12   2                      i = 2;
  13   2                      j = 199;
  14   2                      do
  15   2                      {
  16   3                              while (--j);
  17   3                      } while (--i);
  18   2              }
  19   1      }
  20          
  21          void NixieDisp(unsigned char Location, unsigned char Number)
  22          {
  23   1              switch(Location)
  24   1              {
  25   2                      case 1: P24 = 1; P23 = 1; P22 = 1; break;
  26   2                      case 2: P24 = 1; P23 = 1; P22 = 0; break;
  27   2                      case 3: P24 = 1; P23 = 0; P22 = 1; break;
  28   2                      case 4: P24 = 1; P23 = 0; P22 = 0; break;
  29   2                      case 5: P24 = 0; P23 = 1; P22 = 1; break;
  30   2                      case 6: P24 = 0; P23 = 1; P22 = 0; break;
  31   2                      case 7: P24 = 0; P23 = 0; P22 = 1; break;
  32   2                      case 8: P24 = 0; P23 = 0; P22 = 0; break;
  33   2              }
  34   1              P0 = NixieTable[Number];
  35   1              Delayms(1);
  36   1              P0 = 0x00;
  37   1      }
  38          
  39          void main()
  40          {
  41   1              unsigned char i;
  42   1              while(1)
  43   1              {
  44   2                      for(i = 1; i <= 8; i++) {
  45   3                              NixieDisp(i, i);
  46   3                      }
  47   2              }
  48   1      }


MODULE INFORMATION:   STATIC OVERLAYABLE
   CODE SIZE        =    146    ----
   CONSTANT SIZE    =   ----    ----
   XDATA SIZE       =   ----    ----
C51 COMPILER V9.54   MAIN                                                                  11/24/2025 12:23:42 PAGE 2   

   PDATA SIZE       =   ----    ----
   DATA SIZE        =     10    ----
   IDATA SIZE       =   ----    ----
   BIT SIZE         =   ----    ----
END OF MODULE INFORMATION.


C51 COMPILATION COMPLETE.  0 WARNING(S),  0 ERROR(S)
